2025-08-01 09:47:08,425 - INFO - Starting Browser Session...
2025-08-01 09:47:16,488 - INFO - Browser Launch Successfully.
2025-08-01 09:47:17,079 - INFO - URL Open Successfully.
2025-08-01 09:47:17,547 - INFO - Ticket Number Enter successfully.
2025-08-01 09:47:17,743 - INFO - Ticket Class Silver - $750 selected.
2025-08-01 09:47:17,775 - INFO - Registered User - 'Yes' selected.
2025-08-01 09:47:17,805 - INFO - Valid Promo Code Enter successfully.
2025-08-01 09:47:18,033 - INFO - Click on Book Now button successfully.
2025-08-01 09:47:18,074 - INFO - Test Passed. Expected Final price match with Actual Final Price.
2025-08-01 09:47:18,074 - INFO - Script Complete.
2025-08-01 09:47:18,074 - INFO - End Browser Session...
2025-08-01 09:47:38,961 - INFO - Starting Browser Session...
2025-08-01 09:47:47,390 - INFO - Browser Launch Successfully.
2025-08-01 09:47:47,997 - INFO - URL Open Successfully.
2025-08-01 09:47:48,590 - INFO - Ticket Number Enter successfully.
2025-08-01 09:47:48,799 - INFO - Ticket Class Silver - $750 selected.
2025-08-01 09:47:48,834 - INFO - Registered User - 'Yes' selected.
2025-08-01 09:47:48,860 - INFO - Valid Promo Code Enter successfully.
2025-08-01 09:47:48,951 - INFO - Click on Book Now button successfully.
2025-08-01 09:47:48,974 - INFO - Test Passed. Expected Final price match with Actual Final Price.
2025-08-01 09:47:48,974 - INFO - Script Complete.
2025-08-01 09:47:48,974 - INFO - End Browser Session...
2025-08-01 11:01:40,609 - INFO - Starting Browser Session...
2025-08-01 11:01:48,481 - INFO - Browser Launch Successfully.
2025-08-01 11:01:49,523 - INFO - URL Open Successfully.
2025-08-01 11:01:49,856 - INFO - Ticket Number Enter successfully.
2025-08-01 11:01:49,986 - INFO - Ticket Class Silver - $1000 selected.
2025-08-01 11:01:50,080 - INFO - Registered User - 'No' selected.
2025-08-01 11:01:50,114 - INFO - Valid Promo Code Enter successfully.
2025-08-01 11:01:50,200 - INFO - Click on Book Now button successfully.
2025-08-01 11:01:50,219 - INFO - Test Failed. Expected Final Price does not match with Actual Final Price.
2025-08-01 11:01:50,219 - INFO - Script Complete.
2025-08-01 11:01:50,219 - INFO - End Browser Session...
